{"timestamp":"2025-06-18T12:56:22.005335","level":"info","event":"Filling up the DagBag from /opt/airflow/dags/welcome_dag.py","logger":"airflow.models.dagbag.DagBag"}
{"timestamp":"2025-06-18T12:56:22.061391","level":"error","event":"Failed to import: /opt/airflow/dags/welcome_dag.py","logger":"airflow.models.dagbag.DagBag","error_detail":[{"exc_type":"ModuleNotFoundError","exc_value":"No module named 'airflow.operators.python_operator'","exc_notes":[],"syntax_error":null,"is_cause":false,"frames":[{"filename":"/home/airflow/.local/lib/python3.12/site-packages/airflow/models/dagbag.py","lineno":382,"name":"parse"},{"filename":"<frozen importlib._bootstrap_external>","lineno":999,"name":"exec_module"},{"filename":"<frozen importlib._bootstrap>","lineno":488,"name":"_call_with_frames_removed"},{"filename":"/opt/airflow/dags/welcome_dag.py","lineno":3,"name":"<module>"}]}]}
{"timestamp":"2025-06-18T12:56:53.485755","level":"info","event":"Filling up the DagBag from /opt/airflow/dags/welcome_dag.py","logger":"airflow.models.dagbag.DagBag"}
{"timestamp":"2025-06-18T12:56:53.552776","level":"error","event":"Failed to import: /opt/airflow/dags/welcome_dag.py","logger":"airflow.models.dagbag.DagBag","error_detail":[{"exc_type":"ModuleNotFoundError","exc_value":"No module named 'airflow.operators.python_operator'","exc_notes":[],"syntax_error":null,"is_cause":false,"frames":[{"filename":"/home/airflow/.local/lib/python3.12/site-packages/airflow/models/dagbag.py","lineno":382,"name":"parse"},{"filename":"<frozen importlib._bootstrap_external>","lineno":999,"name":"exec_module"},{"filename":"<frozen importlib._bootstrap>","lineno":488,"name":"_call_with_frames_removed"},{"filename":"/opt/airflow/dags/welcome_dag.py","lineno":3,"name":"<module>"}]}]}
{"timestamp":"2025-06-18T12:57:24.279015","level":"info","event":"Filling up the DagBag from /opt/airflow/dags/welcome_dag.py","logger":"airflow.models.dagbag.DagBag"}
{"timestamp":"2025-06-18T12:57:24.340415","level":"error","event":"Failed to import: /opt/airflow/dags/welcome_dag.py","logger":"airflow.models.dagbag.DagBag","error_detail":[{"exc_type":"ModuleNotFoundError","exc_value":"No module named 'airflow.operators.python_operator'","exc_notes":[],"syntax_error":null,"is_cause":false,"frames":[{"filename":"/home/airflow/.local/lib/python3.12/site-packages/airflow/models/dagbag.py","lineno":382,"name":"parse"},{"filename":"<frozen importlib._bootstrap_external>","lineno":999,"name":"exec_module"},{"filename":"<frozen importlib._bootstrap>","lineno":488,"name":"_call_with_frames_removed"},{"filename":"/opt/airflow/dags/welcome_dag.py","lineno":3,"name":"<module>"}]}]}
{"timestamp":"2025-06-18T12:57:37.507897","level":"info","event":"Filling up the DagBag from /opt/airflow/dags/welcome_dag.py","logger":"airflow.models.dagbag.DagBag"}
{"timestamp":"2025-06-18T12:57:37.559252","level":"error","event":"Failed to import: /opt/airflow/dags/welcome_dag.py","logger":"airflow.models.dagbag.DagBag","error_detail":[{"exc_type":"ImportError","exc_value":"cannot import name 'days_ago' from 'airflow.utils.dates' (/home/airflow/.local/lib/python3.12/site-packages/airflow/utils/dates.py)","exc_notes":[],"syntax_error":null,"is_cause":false,"frames":[{"filename":"/home/airflow/.local/lib/python3.12/site-packages/airflow/models/dagbag.py","lineno":382,"name":"parse"},{"filename":"<frozen importlib._bootstrap_external>","lineno":999,"name":"exec_module"},{"filename":"<frozen importlib._bootstrap>","lineno":488,"name":"_call_with_frames_removed"},{"filename":"/opt/airflow/dags/welcome_dag.py","lineno":5,"name":"<module>"}]}]}
{"timestamp":"2025-06-18T12:57:38.067146","level":"info","event":"Filling up the DagBag from /opt/airflow/dags/welcome_dag.py","logger":"airflow.models.dagbag.DagBag"}
{"timestamp":"2025-06-18T12:57:38.132941","level":"error","event":"Failed to import: /opt/airflow/dags/welcome_dag.py","logger":"airflow.models.dagbag.DagBag","error_detail":[{"exc_type":"ImportError","exc_value":"cannot import name 'days_ago' from 'airflow.utils.dates' (/home/airflow/.local/lib/python3.12/site-packages/airflow/utils/dates.py)","exc_notes":[],"syntax_error":null,"is_cause":false,"frames":[{"filename":"/home/airflow/.local/lib/python3.12/site-packages/airflow/models/dagbag.py","lineno":382,"name":"parse"},{"filename":"<frozen importlib._bootstrap_external>","lineno":999,"name":"exec_module"},{"filename":"<frozen importlib._bootstrap>","lineno":488,"name":"_call_with_frames_removed"},{"filename":"/opt/airflow/dags/welcome_dag.py","lineno":5,"name":"<module>"}]}]}
{"timestamp":"2025-06-18T12:57:39.677294","level":"info","event":"Filling up the DagBag from /opt/airflow/dags/welcome_dag.py","logger":"airflow.models.dagbag.DagBag"}
{"timestamp":"2025-06-18T12:57:39.734734","level":"error","event":"Failed to import: /opt/airflow/dags/welcome_dag.py","logger":"airflow.models.dagbag.DagBag","error_detail":[{"exc_type":"ImportError","exc_value":"cannot import name 'days_ago' from 'airflow.utils.dates' (/home/airflow/.local/lib/python3.12/site-packages/airflow/utils/dates.py)","exc_notes":[],"syntax_error":null,"is_cause":false,"frames":[{"filename":"/home/airflow/.local/lib/python3.12/site-packages/airflow/models/dagbag.py","lineno":382,"name":"parse"},{"filename":"<frozen importlib._bootstrap_external>","lineno":999,"name":"exec_module"},{"filename":"<frozen importlib._bootstrap>","lineno":488,"name":"_call_with_frames_removed"},{"filename":"/opt/airflow/dags/welcome_dag.py","lineno":5,"name":"<module>"}]}]}
{"timestamp":"2025-06-18T12:57:42.434631","level":"info","event":"Filling up the DagBag from /opt/airflow/dags/welcome_dag.py","logger":"airflow.models.dagbag.DagBag"}
{"timestamp":"2025-06-18T12:57:42.527713","level":"error","event":"Failed to import: /opt/airflow/dags/welcome_dag.py","logger":"airflow.models.dagbag.DagBag","error_detail":[{"exc_type":"ImportError","exc_value":"cannot import name 'days_ago' from 'airflow.utils.dates' (/home/airflow/.local/lib/python3.12/site-packages/airflow/utils/dates.py)","exc_notes":[],"syntax_error":null,"is_cause":false,"frames":[{"filename":"/home/airflow/.local/lib/python3.12/site-packages/airflow/models/dagbag.py","lineno":382,"name":"parse"},{"filename":"<frozen importlib._bootstrap_external>","lineno":999,"name":"exec_module"},{"filename":"<frozen importlib._bootstrap>","lineno":488,"name":"_call_with_frames_removed"},{"filename":"/opt/airflow/dags/welcome_dag.py","lineno":5,"name":"<module>"}]}]}
{"timestamp":"2025-06-18T12:58:13.915474","level":"info","event":"Filling up the DagBag from /opt/airflow/dags/welcome_dag.py","logger":"airflow.models.dagbag.DagBag"}
{"timestamp":"2025-06-18T12:58:13.946487","level":"error","event":"Failed to import: /opt/airflow/dags/welcome_dag.py","logger":"airflow.models.dagbag.DagBag","error_detail":[{"exc_type":"ImportError","exc_value":"cannot import name 'days_ago' from 'airflow.utils.dates' (/home/airflow/.local/lib/python3.12/site-packages/airflow/utils/dates.py)","exc_notes":[],"syntax_error":null,"is_cause":false,"frames":[{"filename":"/home/airflow/.local/lib/python3.12/site-packages/airflow/models/dagbag.py","lineno":382,"name":"parse"},{"filename":"<frozen importlib._bootstrap_external>","lineno":999,"name":"exec_module"},{"filename":"<frozen importlib._bootstrap>","lineno":488,"name":"_call_with_frames_removed"},{"filename":"/opt/airflow/dags/welcome_dag.py","lineno":5,"name":"<module>"}]}]}
{"timestamp":"2025-06-18T12:58:44.649620","level":"info","event":"Filling up the DagBag from /opt/airflow/dags/welcome_dag.py","logger":"airflow.models.dagbag.DagBag"}
{"timestamp":"2025-06-18T12:58:44.719447","level":"error","event":"Failed to import: /opt/airflow/dags/welcome_dag.py","logger":"airflow.models.dagbag.DagBag","error_detail":[{"exc_type":"ImportError","exc_value":"cannot import name 'days_ago' from 'airflow.utils.dates' (/home/airflow/.local/lib/python3.12/site-packages/airflow/utils/dates.py)","exc_notes":[],"syntax_error":null,"is_cause":false,"frames":[{"filename":"/home/airflow/.local/lib/python3.12/site-packages/airflow/models/dagbag.py","lineno":382,"name":"parse"},{"filename":"<frozen importlib._bootstrap_external>","lineno":999,"name":"exec_module"},{"filename":"<frozen importlib._bootstrap>","lineno":488,"name":"_call_with_frames_removed"},{"filename":"/opt/airflow/dags/welcome_dag.py","lineno":5,"name":"<module>"}]}]}
{"timestamp":"2025-06-18T12:59:10.443763","level":"info","event":"Filling up the DagBag from /opt/airflow/dags/welcome_dag.py","logger":"airflow.models.dagbag.DagBag"}
{"timestamp":"2025-06-18T12:59:10.502730","level":"error","event":"Failed to import: /opt/airflow/dags/welcome_dag.py","logger":"airflow.models.dagbag.DagBag","error_detail":[{"exc_type":"ImportError","exc_value":"cannot import name 'days_ago' from 'airflow.utils.dates' (/home/airflow/.local/lib/python3.12/site-packages/airflow/utils/dates.py)","exc_notes":[],"syntax_error":null,"is_cause":false,"frames":[{"filename":"/home/airflow/.local/lib/python3.12/site-packages/airflow/models/dagbag.py","lineno":382,"name":"parse"},{"filename":"<frozen importlib._bootstrap_external>","lineno":999,"name":"exec_module"},{"filename":"<frozen importlib._bootstrap>","lineno":488,"name":"_call_with_frames_removed"},{"filename":"/opt/airflow/dags/welcome_dag.py","lineno":5,"name":"<module>"}]}]}
{"timestamp":"2025-06-18T12:59:33.127345","level":"info","event":"Filling up the DagBag from /opt/airflow/dags/welcome_dag.py","logger":"airflow.models.dagbag.DagBag"}
{"timestamp":"2025-06-18T12:59:33.185684","level":"error","event":"Failed to import: /opt/airflow/dags/welcome_dag.py","logger":"airflow.models.dagbag.DagBag","error_detail":[{"exc_type":"ImportError","exc_value":"cannot import name 'days_ago' from 'airflow.utils.dates' (/home/airflow/.local/lib/python3.12/site-packages/airflow/utils/dates.py)","exc_notes":[],"syntax_error":null,"is_cause":false,"frames":[{"filename":"/home/airflow/.local/lib/python3.12/site-packages/airflow/models/dagbag.py","lineno":382,"name":"parse"},{"filename":"<frozen importlib._bootstrap_external>","lineno":999,"name":"exec_module"},{"filename":"<frozen importlib._bootstrap>","lineno":488,"name":"_call_with_frames_removed"},{"filename":"/opt/airflow/dags/welcome_dag.py","lineno":5,"name":"<module>"}]}]}
{"timestamp":"2025-06-18T13:00:03.814621","level":"info","event":"Filling up the DagBag from /opt/airflow/dags/welcome_dag.py","logger":"airflow.models.dagbag.DagBag"}
{"timestamp":"2025-06-18T13:00:03.849947","level":"error","event":"Failed to import: /opt/airflow/dags/welcome_dag.py","logger":"airflow.models.dagbag.DagBag","error_detail":[{"exc_type":"ImportError","exc_value":"cannot import name 'days_ago' from 'airflow.utils.dates' (/home/airflow/.local/lib/python3.12/site-packages/airflow/utils/dates.py)","exc_notes":[],"syntax_error":null,"is_cause":false,"frames":[{"filename":"/home/airflow/.local/lib/python3.12/site-packages/airflow/models/dagbag.py","lineno":382,"name":"parse"},{"filename":"<frozen importlib._bootstrap_external>","lineno":999,"name":"exec_module"},{"filename":"<frozen importlib._bootstrap>","lineno":488,"name":"_call_with_frames_removed"},{"filename":"/opt/airflow/dags/welcome_dag.py","lineno":5,"name":"<module>"}]}]}
{"timestamp":"2025-06-18T13:00:12.356754","level":"info","event":"Filling up the DagBag from /opt/airflow/dags/welcome_dag.py","logger":"airflow.models.dagbag.DagBag"}
{"timestamp":"2025-06-18T13:00:12.427008","level":"error","event":"Failed to import: /opt/airflow/dags/welcome_dag.py","logger":"airflow.models.dagbag.DagBag","error_detail":[{"exc_type":"TypeError","exc_value":"DAG.__init__() got an unexpected keyword argument 'schedule_interval'","exc_notes":[],"syntax_error":null,"is_cause":false,"frames":[{"filename":"/home/airflow/.local/lib/python3.12/site-packages/airflow/models/dagbag.py","lineno":382,"name":"parse"},{"filename":"<frozen importlib._bootstrap_external>","lineno":999,"name":"exec_module"},{"filename":"<frozen importlib._bootstrap>","lineno":488,"name":"_call_with_frames_removed"},{"filename":"/opt/airflow/dags/welcome_dag.py","lineno":35,"name":"<module>"}]}]}
{"timestamp":"2025-06-18T13:00:43.093105","level":"info","event":"Filling up the DagBag from /opt/airflow/dags/welcome_dag.py","logger":"airflow.models.dagbag.DagBag"}
{"timestamp":"2025-06-18T13:00:43.167524","level":"error","event":"Failed to import: /opt/airflow/dags/welcome_dag.py","logger":"airflow.models.dagbag.DagBag","error_detail":[{"exc_type":"TypeError","exc_value":"DAG.__init__() got an unexpected keyword argument 'schedule_interval'","exc_notes":[],"syntax_error":null,"is_cause":false,"frames":[{"filename":"/home/airflow/.local/lib/python3.12/site-packages/airflow/models/dagbag.py","lineno":382,"name":"parse"},{"filename":"<frozen importlib._bootstrap_external>","lineno":999,"name":"exec_module"},{"filename":"<frozen importlib._bootstrap>","lineno":488,"name":"_call_with_frames_removed"},{"filename":"/opt/airflow/dags/welcome_dag.py","lineno":35,"name":"<module>"}]}]}
{"timestamp":"2025-06-18T13:00:53.094776","level":"info","event":"Filling up the DagBag from /opt/airflow/dags/welcome_dag.py","logger":"airflow.models.dagbag.DagBag"}
{"timestamp":"2025-06-18T13:00:53.744526","level":"info","event":"Filling up the DagBag from /opt/airflow/dags/welcome_dag.py","logger":"airflow.models.dagbag.DagBag"}
{"timestamp":"2025-06-18T13:00:54.460652","level":"info","event":"Filling up the DagBag from /opt/airflow/dags/welcome_dag.py","logger":"airflow.models.dagbag.DagBag"}
{"timestamp":"2025-06-18T13:01:25.091891","level":"info","event":"Filling up the DagBag from /opt/airflow/dags/welcome_dag.py","logger":"airflow.models.dagbag.DagBag"}
{"timestamp":"2025-06-18T13:01:55.697119","level":"info","event":"Filling up the DagBag from /opt/airflow/dags/welcome_dag.py","logger":"airflow.models.dagbag.DagBag"}
{"timestamp":"2025-06-18T13:02:26.248259","level":"info","event":"Filling up the DagBag from /opt/airflow/dags/welcome_dag.py","logger":"airflow.models.dagbag.DagBag"}
{"timestamp":"2025-06-18T13:02:56.800291","level":"info","event":"Filling up the DagBag from /opt/airflow/dags/welcome_dag.py","logger":"airflow.models.dagbag.DagBag"}
{"timestamp":"2025-06-18T13:03:27.448075","level":"info","event":"Filling up the DagBag from /opt/airflow/dags/welcome_dag.py","logger":"airflow.models.dagbag.DagBag"}
{"timestamp":"2025-06-18T13:03:58.042975","level":"info","event":"Filling up the DagBag from /opt/airflow/dags/welcome_dag.py","logger":"airflow.models.dagbag.DagBag"}
{"timestamp":"2025-06-18T13:04:28.981040","level":"info","event":"Filling up the DagBag from /opt/airflow/dags/welcome_dag.py","logger":"airflow.models.dagbag.DagBag"}
{"timestamp":"2025-06-18T13:04:59.417256","level":"info","event":"Filling up the DagBag from /opt/airflow/dags/welcome_dag.py","logger":"airflow.models.dagbag.DagBag"}
{"timestamp":"2025-06-18T13:05:30.191702","level":"info","event":"Filling up the DagBag from /opt/airflow/dags/welcome_dag.py","logger":"airflow.models.dagbag.DagBag"}
{"timestamp":"2025-06-18T13:07:19.719069","level":"info","event":"Filling up the DagBag from /opt/airflow/dags/welcome_dag.py","logger":"airflow.models.dagbag.DagBag"}
{"timestamp":"2025-06-18T13:07:52.171365","level":"info","event":"Filling up the DagBag from /opt/airflow/dags/welcome_dag.py","logger":"airflow.models.dagbag.DagBag"}
{"timestamp":"2025-06-18T13:08:23.381427","level":"info","event":"Filling up the DagBag from /opt/airflow/dags/welcome_dag.py","logger":"airflow.models.dagbag.DagBag"}
{"timestamp":"2025-06-18T13:08:54.122232","level":"info","event":"Filling up the DagBag from /opt/airflow/dags/welcome_dag.py","logger":"airflow.models.dagbag.DagBag"}
{"timestamp":"2025-06-18T13:09:24.718822","level":"info","event":"Filling up the DagBag from /opt/airflow/dags/welcome_dag.py","logger":"airflow.models.dagbag.DagBag"}
{"timestamp":"2025-06-18T13:09:55.243855","level":"info","event":"Filling up the DagBag from /opt/airflow/dags/welcome_dag.py","logger":"airflow.models.dagbag.DagBag"}
{"timestamp":"2025-06-18T13:10:25.972414","level":"info","event":"Filling up the DagBag from /opt/airflow/dags/welcome_dag.py","logger":"airflow.models.dagbag.DagBag"}
{"timestamp":"2025-06-18T13:10:58.760338","level":"info","event":"Filling up the DagBag from /opt/airflow/dags/welcome_dag.py","logger":"airflow.models.dagbag.DagBag"}
{"timestamp":"2025-06-18T13:11:31.959405","level":"info","event":"Filling up the DagBag from /opt/airflow/dags/welcome_dag.py","logger":"airflow.models.dagbag.DagBag"}
{"timestamp":"2025-06-18T13:11:48.414602","level":"info","event":"Filling up the DagBag from /opt/airflow/dags/welcome_dag.py","logger":"airflow.models.dagbag.DagBag"}
{"timestamp":"2025-06-18T13:11:49.148553","level":"info","event":"Filling up the DagBag from /opt/airflow/dags/welcome_dag.py","logger":"airflow.models.dagbag.DagBag"}
{"timestamp":"2025-06-18T13:12:19.859739","level":"info","event":"Filling up the DagBag from /opt/airflow/dags/welcome_dag.py","logger":"airflow.models.dagbag.DagBag"}
{"timestamp":"2025-06-18T13:12:21.512843","level":"info","event":"Filling up the DagBag from /opt/airflow/dags/welcome_dag.py","logger":"airflow.models.dagbag.DagBag"}
{"timestamp":"2025-06-18T13:12:38.248235","level":"info","event":"Filling up the DagBag from /opt/airflow/dags/welcome_dag.py","logger":"airflow.models.dagbag.DagBag"}
{"timestamp":"2025-06-18T13:12:39.780407","level":"info","event":"Filling up the DagBag from /opt/airflow/dags/welcome_dag.py","logger":"airflow.models.dagbag.DagBag"}
{"timestamp":"2025-06-18T13:13:10.299446","level":"info","event":"Filling up the DagBag from /opt/airflow/dags/welcome_dag.py","logger":"airflow.models.dagbag.DagBag"}
{"timestamp":"2025-06-18T13:13:41.084239","level":"info","event":"Filling up the DagBag from /opt/airflow/dags/welcome_dag.py","logger":"airflow.models.dagbag.DagBag"}
{"timestamp":"2025-06-18T13:14:11.654804","level":"info","event":"Filling up the DagBag from /opt/airflow/dags/welcome_dag.py","logger":"airflow.models.dagbag.DagBag"}
{"timestamp":"2025-06-18T13:14:42.240624","level":"info","event":"Filling up the DagBag from /opt/airflow/dags/welcome_dag.py","logger":"airflow.models.dagbag.DagBag"}
{"timestamp":"2025-06-18T13:15:13.025175","level":"info","event":"Filling up the DagBag from /opt/airflow/dags/welcome_dag.py","logger":"airflow.models.dagbag.DagBag"}
{"timestamp":"2025-06-18T13:15:44.188578","level":"info","event":"Filling up the DagBag from /opt/airflow/dags/welcome_dag.py","logger":"airflow.models.dagbag.DagBag"}
{"timestamp":"2025-06-18T13:16:14.817979","level":"info","event":"Filling up the DagBag from /opt/airflow/dags/welcome_dag.py","logger":"airflow.models.dagbag.DagBag"}
{"timestamp":"2025-06-18T13:16:21.381938","level":"info","event":"Filling up the DagBag from /opt/airflow/dags/welcome_dag.py","logger":"airflow.models.dagbag.DagBag"}
{"timestamp":"2025-06-18T13:16:21.523528","level":"error","event":"Failed to import: /opt/airflow/dags/welcome_dag.py","logger":"airflow.models.dagbag.DagBag","error_detail":[{"exc_type":"NameError","exc_value":"name 'print_random_quote' is not defined","exc_notes":[],"syntax_error":null,"is_cause":false,"frames":[{"filename":"/home/airflow/.local/lib/python3.12/site-packages/airflow/models/dagbag.py","lineno":382,"name":"parse"},{"filename":"<frozen importlib._bootstrap_external>","lineno":999,"name":"exec_module"},{"filename":"<frozen importlib._bootstrap>","lineno":488,"name":"_call_with_frames_removed"},{"filename":"/opt/airflow/dags/welcome_dag.py","lineno":70,"name":"<module>"}]}]}
{"timestamp":"2025-06-18T13:16:34.411688","level":"info","event":"Filling up the DagBag from /opt/airflow/dags/welcome_dag.py","logger":"airflow.models.dagbag.DagBag"}
{"timestamp":"2025-06-18T13:16:42.998568","level":"info","event":"Filling up the DagBag from /opt/airflow/dags/welcome_dag.py","logger":"airflow.models.dagbag.DagBag"}
{"timestamp":"2025-06-18T13:16:43.822106","level":"info","event":"Filling up the DagBag from /opt/airflow/dags/welcome_dag.py","logger":"airflow.models.dagbag.DagBag"}
{"timestamp":"2025-06-18T13:17:14.426490","level":"info","event":"Filling up the DagBag from /opt/airflow/dags/welcome_dag.py","logger":"airflow.models.dagbag.DagBag"}
