{"timestamp":"2025-06-26T06:39:02.273767","level":"info","event":"Filling up the DagBag from /opt/airflow/dags/weathers.py","logger":"airflow.models.dagbag.DagBag"}
{"timestamp":"2025-06-26T06:39:33.869276","level":"info","event":"Filling up the DagBag from /opt/airflow/dags/weathers.py","logger":"airflow.models.dagbag.DagBag"}
{"timestamp":"2025-06-26T06:40:04.399992","level":"info","event":"Filling up the DagBag from /opt/airflow/dags/weathers.py","logger":"airflow.models.dagbag.DagBag"}
{"timestamp":"2025-06-26T06:40:20.093762","level":"info","event":"Filling up the DagBag from /opt/airflow/dags/weathers.py","logger":"airflow.models.dagbag.DagBag"}
{"timestamp":"2025-06-26T06:40:50.729368","level":"info","event":"Filling up the DagBag from /opt/airflow/dags/weathers.py","logger":"airflow.models.dagbag.DagBag"}
{"timestamp":"2025-06-26T06:41:21.435316","level":"info","event":"Filling up the DagBag from /opt/airflow/dags/weathers.py","logger":"airflow.models.dagbag.DagBag"}
{"timestamp":"2025-06-26T06:41:45.719751","level":"info","event":"Filling up the DagBag from /opt/airflow/dags/weathers.py","logger":"airflow.models.dagbag.DagBag"}
{"timestamp":"2025-06-26T06:41:45.811255","level":"error","event":"Failed to import: /opt/airflow/dags/weathers.py","logger":"airflow.models.dagbag.DagBag","error_detail":[{"exc_type":"TypeError","exc_value":"DAG.__init__() got an unexpected keyword argument 'schedule_interval'","exc_notes":[],"syntax_error":null,"is_cause":false,"frames":[{"filename":"/home/airflow/.local/lib/python3.12/site-packages/airflow/models/dagbag.py","lineno":382,"name":"parse"},{"filename":"<frozen importlib._bootstrap_external>","lineno":999,"name":"exec_module"},{"filename":"<frozen importlib._bootstrap>","lineno":488,"name":"_call_with_frames_removed"},{"filename":"/opt/airflow/dags/weathers.py","lineno":13,"name":"<module>"}]}]}
{"timestamp":"2025-06-26T06:42:16.697578","level":"info","event":"Filling up the DagBag from /opt/airflow/dags/weathers.py","logger":"airflow.models.dagbag.DagBag"}
{"timestamp":"2025-06-26T06:42:47.267611","level":"info","event":"Filling up the DagBag from /opt/airflow/dags/weathers.py","logger":"airflow.models.dagbag.DagBag"}
{"timestamp":"2025-06-26T06:43:17.948944","level":"info","event":"Filling up the DagBag from /opt/airflow/dags/weathers.py","logger":"airflow.models.dagbag.DagBag"}
{"timestamp":"2025-06-26T06:43:48.810052","level":"info","event":"Filling up the DagBag from /opt/airflow/dags/weathers.py","logger":"airflow.models.dagbag.DagBag"}
{"timestamp":"2025-06-26T06:44:19.746839","level":"info","event":"Filling up the DagBag from /opt/airflow/dags/weathers.py","logger":"airflow.models.dagbag.DagBag"}
{"timestamp":"2025-06-26T06:44:50.903707","level":"info","event":"Filling up the DagBag from /opt/airflow/dags/weathers.py","logger":"airflow.models.dagbag.DagBag"}
{"timestamp":"2025-06-26T06:45:21.667768","level":"info","event":"Filling up the DagBag from /opt/airflow/dags/weathers.py","logger":"airflow.models.dagbag.DagBag"}
{"timestamp":"2025-06-26T06:45:52.205340","level":"info","event":"Filling up the DagBag from /opt/airflow/dags/weathers.py","logger":"airflow.models.dagbag.DagBag"}
{"timestamp":"2025-06-26T06:46:23.189374","level":"info","event":"Filling up the DagBag from /opt/airflow/dags/weathers.py","logger":"airflow.models.dagbag.DagBag"}
{"timestamp":"2025-06-26T06:46:53.822599","level":"info","event":"Filling up the DagBag from /opt/airflow/dags/weathers.py","logger":"airflow.models.dagbag.DagBag"}
{"timestamp":"2025-06-26T06:47:24.418864","level":"info","event":"Filling up the DagBag from /opt/airflow/dags/weathers.py","logger":"airflow.models.dagbag.DagBag"}
{"timestamp":"2025-06-26T06:47:54.891872","level":"info","event":"Filling up the DagBag from /opt/airflow/dags/weathers.py","logger":"airflow.models.dagbag.DagBag"}
{"timestamp":"2025-06-26T06:48:17.517107","level":"info","event":"Filling up the DagBag from /opt/airflow/dags/weathers.py","logger":"airflow.models.dagbag.DagBag"}
{"timestamp":"2025-06-26T06:48:48.359710","level":"info","event":"Filling up the DagBag from /opt/airflow/dags/weathers.py","logger":"airflow.models.dagbag.DagBag"}
{"timestamp":"2025-06-26T06:49:18.921661","level":"info","event":"Filling up the DagBag from /opt/airflow/dags/weathers.py","logger":"airflow.models.dagbag.DagBag"}
{"timestamp":"2025-06-26T06:49:49.477797","level":"info","event":"Filling up the DagBag from /opt/airflow/dags/weathers.py","logger":"airflow.models.dagbag.DagBag"}
{"timestamp":"2025-06-26T06:50:20.623070","level":"info","event":"Filling up the DagBag from /opt/airflow/dags/weathers.py","logger":"airflow.models.dagbag.DagBag"}
{"timestamp":"2025-06-26T06:50:51.171333","level":"info","event":"Filling up the DagBag from /opt/airflow/dags/weathers.py","logger":"airflow.models.dagbag.DagBag"}
{"timestamp":"2025-06-26T06:51:22.098255","level":"info","event":"Filling up the DagBag from /opt/airflow/dags/weathers.py","logger":"airflow.models.dagbag.DagBag"}
{"timestamp":"2025-06-26T06:51:53.179922","level":"info","event":"Filling up the DagBag from /opt/airflow/dags/weathers.py","logger":"airflow.models.dagbag.DagBag"}
{"timestamp":"2025-06-26T06:52:05.945022","level":"info","event":"Filling up the DagBag from /opt/airflow/dags/weathers.py","logger":"airflow.models.dagbag.DagBag"}
{"timestamp":"2025-06-26T06:52:05.985005","level":"error","event":"Failed to import: /opt/airflow/dags/weathers.py","logger":"airflow.models.dagbag.DagBag","error_detail":[{"exc_type":"SyntaxError","exc_value":"expected ':' (weathers.py, line 24)","exc_notes":[],"syntax_error":{"offset":18,"filename":"/opt/airflow/dags/weathers.py","line":"    def lat_log()\n","lineno":24,"msg":"expected ':'"},"is_cause":false,"frames":[{"filename":"/home/airflow/.local/lib/python3.12/site-packages/airflow/models/dagbag.py","lineno":382,"name":"parse"},{"filename":"<frozen importlib._bootstrap_external>","lineno":995,"name":"exec_module"},{"filename":"<frozen importlib._bootstrap_external>","lineno":1133,"name":"get_code"},{"filename":"<frozen importlib._bootstrap_external>","lineno":1063,"name":"source_to_code"},{"filename":"<frozen importlib._bootstrap>","lineno":488,"name":"_call_with_frames_removed"}]}]}
{"timestamp":"2025-06-26T06:52:20.940567","level":"info","event":"Filling up the DagBag from /opt/airflow/dags/weathers.py","logger":"airflow.models.dagbag.DagBag"}
{"timestamp":"2025-06-26T06:52:20.978338","level":"error","event":"Failed to import: /opt/airflow/dags/weathers.py","logger":"airflow.models.dagbag.DagBag","error_detail":[{"exc_type":"SyntaxError","exc_value":"expected ':' (weathers.py, line 24)","exc_notes":[],"syntax_error":{"offset":18,"filename":"/opt/airflow/dags/weathers.py","line":"    def lat_log()\n","lineno":24,"msg":"expected ':'"},"is_cause":false,"frames":[{"filename":"/home/airflow/.local/lib/python3.12/site-packages/airflow/models/dagbag.py","lineno":382,"name":"parse"},{"filename":"<frozen importlib._bootstrap_external>","lineno":995,"name":"exec_module"},{"filename":"<frozen importlib._bootstrap_external>","lineno":1133,"name":"get_code"},{"filename":"<frozen importlib._bootstrap_external>","lineno":1063,"name":"source_to_code"},{"filename":"<frozen importlib._bootstrap>","lineno":488,"name":"_call_with_frames_removed"}]}]}
{"timestamp":"2025-06-26T06:52:36.041612","level":"info","event":"Filling up the DagBag from /opt/airflow/dags/weathers.py","logger":"airflow.models.dagbag.DagBag"}
{"timestamp":"2025-06-26T06:53:06.792881","level":"info","event":"Filling up the DagBag from /opt/airflow/dags/weathers.py","logger":"airflow.models.dagbag.DagBag"}
{"timestamp":"2025-06-26T06:53:37.356295","level":"info","event":"Filling up the DagBag from /opt/airflow/dags/weathers.py","logger":"airflow.models.dagbag.DagBag"}
{"timestamp":"2025-06-26T06:54:07.815873","level":"info","event":"Filling up the DagBag from /opt/airflow/dags/weathers.py","logger":"airflow.models.dagbag.DagBag"}
{"timestamp":"2025-06-26T06:54:13.030514","level":"info","event":"Filling up the DagBag from /opt/airflow/dags/weathers.py","logger":"airflow.models.dagbag.DagBag"}
{"timestamp":"2025-06-26T06:54:23.437793","level":"info","event":"Filling up the DagBag from /opt/airflow/dags/weathers.py","logger":"airflow.models.dagbag.DagBag"}
{"timestamp":"2025-06-26T06:54:27.002234","level":"info","event":"Filling up the DagBag from /opt/airflow/dags/weathers.py","logger":"airflow.models.dagbag.DagBag"}
{"timestamp":"2025-06-26T06:54:46.772564","level":"info","event":"Filling up the DagBag from /opt/airflow/dags/weathers.py","logger":"airflow.models.dagbag.DagBag"}
{"timestamp":"2025-06-26T06:55:17.614980","level":"info","event":"Filling up the DagBag from /opt/airflow/dags/weathers.py","logger":"airflow.models.dagbag.DagBag"}
{"timestamp":"2025-06-26T06:55:48.233523","level":"info","event":"Filling up the DagBag from /opt/airflow/dags/weathers.py","logger":"airflow.models.dagbag.DagBag"}
{"timestamp":"2025-06-26T06:55:55.596668","level":"info","event":"Filling up the DagBag from /opt/airflow/dags/weathers.py","logger":"airflow.models.dagbag.DagBag"}
{"timestamp":"2025-06-26T06:55:57.079259","level":"info","event":"Filling up the DagBag from /opt/airflow/dags/weathers.py","logger":"airflow.models.dagbag.DagBag"}
{"timestamp":"2025-06-26T06:56:28.030730","level":"info","event":"Filling up the DagBag from /opt/airflow/dags/weathers.py","logger":"airflow.models.dagbag.DagBag"}
{"timestamp":"2025-06-26T06:56:51.665957","level":"info","event":"Filling up the DagBag from /opt/airflow/dags/weathers.py","logger":"airflow.models.dagbag.DagBag"}
{"timestamp":"2025-06-26T06:57:22.308165","level":"info","event":"Filling up the DagBag from /opt/airflow/dags/weathers.py","logger":"airflow.models.dagbag.DagBag"}
{"timestamp":"2025-06-26T06:57:47.435163","level":"info","event":"Filling up the DagBag from /opt/airflow/dags/weathers.py","logger":"airflow.models.dagbag.DagBag"}
{"timestamp":"2025-06-26T06:57:47.469218","level":"error","event":"Failed to import: /opt/airflow/dags/weathers.py","logger":"airflow.models.dagbag.DagBag","error_detail":[{"exc_type":"SyntaxError","exc_value":"invalid syntax (weathers.py, line 27)","exc_notes":[],"syntax_error":{"offset":23,"filename":"/opt/airflow/dags/weathers.py","line":"            lat= float{10+i*.1}\n","lineno":27,"msg":"invalid syntax"},"is_cause":false,"frames":[{"filename":"/home/airflow/.local/lib/python3.12/site-packages/airflow/models/dagbag.py","lineno":382,"name":"parse"},{"filename":"<frozen importlib._bootstrap_external>","lineno":995,"name":"exec_module"},{"filename":"<frozen importlib._bootstrap_external>","lineno":1133,"name":"get_code"},{"filename":"<frozen importlib._bootstrap_external>","lineno":1063,"name":"source_to_code"},{"filename":"<frozen importlib._bootstrap>","lineno":488,"name":"_call_with_frames_removed"}]}]}
{"timestamp":"2025-06-26T06:57:49.001709","level":"info","event":"Filling up the DagBag from /opt/airflow/dags/weathers.py","logger":"airflow.models.dagbag.DagBag"}
{"timestamp":"2025-06-26T06:57:49.044654","level":"error","event":"Failed to import: /opt/airflow/dags/weathers.py","logger":"airflow.models.dagbag.DagBag","error_detail":[{"exc_type":"SyntaxError","exc_value":"invalid syntax (weathers.py, line 27)","exc_notes":[],"syntax_error":{"offset":23,"filename":"/opt/airflow/dags/weathers.py","line":"            lat= float{10+i*.1}\n","lineno":27,"msg":"invalid syntax"},"is_cause":false,"frames":[{"filename":"/home/airflow/.local/lib/python3.12/site-packages/airflow/models/dagbag.py","lineno":382,"name":"parse"},{"filename":"<frozen importlib._bootstrap_external>","lineno":995,"name":"exec_module"},{"filename":"<frozen importlib._bootstrap_external>","lineno":1133,"name":"get_code"},{"filename":"<frozen importlib._bootstrap_external>","lineno":1063,"name":"source_to_code"},{"filename":"<frozen importlib._bootstrap>","lineno":488,"name":"_call_with_frames_removed"}]}]}
{"timestamp":"2025-06-26T06:58:03.031329","level":"info","event":"Filling up the DagBag from /opt/airflow/dags/weathers.py","logger":"airflow.models.dagbag.DagBag"}
{"timestamp":"2025-06-26T06:58:03.072859","level":"error","event":"Failed to import: /opt/airflow/dags/weathers.py","logger":"airflow.models.dagbag.DagBag","error_detail":[{"exc_type":"SyntaxError","exc_value":"invalid syntax (weathers.py, line 27)","exc_notes":[],"syntax_error":{"offset":23,"filename":"/opt/airflow/dags/weathers.py","line":"            lat= float{10+i*.1}\n","lineno":27,"msg":"invalid syntax"},"is_cause":false,"frames":[{"filename":"/home/airflow/.local/lib/python3.12/site-packages/airflow/models/dagbag.py","lineno":382,"name":"parse"},{"filename":"<frozen importlib._bootstrap_external>","lineno":995,"name":"exec_module"},{"filename":"<frozen importlib._bootstrap_external>","lineno":1133,"name":"get_code"},{"filename":"<frozen importlib._bootstrap_external>","lineno":1063,"name":"source_to_code"},{"filename":"<frozen importlib._bootstrap>","lineno":488,"name":"_call_with_frames_removed"}]}]}
{"timestamp":"2025-06-26T06:58:33.778812","level":"info","event":"Filling up the DagBag from /opt/airflow/dags/weathers.py","logger":"airflow.models.dagbag.DagBag"}
{"timestamp":"2025-06-26T06:58:33.808284","level":"error","event":"Failed to import: /opt/airflow/dags/weathers.py","logger":"airflow.models.dagbag.DagBag","error_detail":[{"exc_type":"SyntaxError","exc_value":"invalid syntax (weathers.py, line 27)","exc_notes":[],"syntax_error":{"offset":23,"filename":"/opt/airflow/dags/weathers.py","line":"            lat= float{10+i*.1}\n","lineno":27,"msg":"invalid syntax"},"is_cause":false,"frames":[{"filename":"/home/airflow/.local/lib/python3.12/site-packages/airflow/models/dagbag.py","lineno":382,"name":"parse"},{"filename":"<frozen importlib._bootstrap_external>","lineno":995,"name":"exec_module"},{"filename":"<frozen importlib._bootstrap_external>","lineno":1133,"name":"get_code"},{"filename":"<frozen importlib._bootstrap_external>","lineno":1063,"name":"source_to_code"},{"filename":"<frozen importlib._bootstrap>","lineno":488,"name":"_call_with_frames_removed"}]}]}
{"timestamp":"2025-06-26T06:59:04.452958","level":"info","event":"Filling up the DagBag from /opt/airflow/dags/weathers.py","logger":"airflow.models.dagbag.DagBag"}
{"timestamp":"2025-06-26T06:59:04.484078","level":"error","event":"Failed to import: /opt/airflow/dags/weathers.py","logger":"airflow.models.dagbag.DagBag","error_detail":[{"exc_type":"SyntaxError","exc_value":"invalid syntax (weathers.py, line 27)","exc_notes":[],"syntax_error":{"offset":23,"filename":"/opt/airflow/dags/weathers.py","line":"            lat= float{10+i*.1}\n","lineno":27,"msg":"invalid syntax"},"is_cause":false,"frames":[{"filename":"/home/airflow/.local/lib/python3.12/site-packages/airflow/models/dagbag.py","lineno":382,"name":"parse"},{"filename":"<frozen importlib._bootstrap_external>","lineno":995,"name":"exec_module"},{"filename":"<frozen importlib._bootstrap_external>","lineno":1133,"name":"get_code"},{"filename":"<frozen importlib._bootstrap_external>","lineno":1063,"name":"source_to_code"},{"filename":"<frozen importlib._bootstrap>","lineno":488,"name":"_call_with_frames_removed"}]}]}
{"timestamp":"2025-06-26T06:59:34.971401","level":"info","event":"Filling up the DagBag from /opt/airflow/dags/weathers.py","logger":"airflow.models.dagbag.DagBag"}
{"timestamp":"2025-06-26T06:59:35.006180","level":"error","event":"Failed to import: /opt/airflow/dags/weathers.py","logger":"airflow.models.dagbag.DagBag","error_detail":[{"exc_type":"SyntaxError","exc_value":"invalid syntax (weathers.py, line 27)","exc_notes":[],"syntax_error":{"offset":23,"filename":"/opt/airflow/dags/weathers.py","line":"            lat= float{10+i*.1}\n","lineno":27,"msg":"invalid syntax"},"is_cause":false,"frames":[{"filename":"/home/airflow/.local/lib/python3.12/site-packages/airflow/models/dagbag.py","lineno":382,"name":"parse"},{"filename":"<frozen importlib._bootstrap_external>","lineno":995,"name":"exec_module"},{"filename":"<frozen importlib._bootstrap_external>","lineno":1133,"name":"get_code"},{"filename":"<frozen importlib._bootstrap_external>","lineno":1063,"name":"source_to_code"},{"filename":"<frozen importlib._bootstrap>","lineno":488,"name":"_call_with_frames_removed"}]}]}
{"timestamp":"2025-06-26T07:00:00.617629","level":"info","event":"Filling up the DagBag from /opt/airflow/dags/weathers.py","logger":"airflow.models.dagbag.DagBag"}
{"timestamp":"2025-06-26T07:00:00.647372","level":"error","event":"Failed to import: /opt/airflow/dags/weathers.py","logger":"airflow.models.dagbag.DagBag","error_detail":[{"exc_type":"SyntaxError","exc_value":"invalid syntax (weathers.py, line 27)","exc_notes":[],"syntax_error":{"offset":23,"filename":"/opt/airflow/dags/weathers.py","line":"            lat= float{10+i*.1}\n","lineno":27,"msg":"invalid syntax"},"is_cause":false,"frames":[{"filename":"/home/airflow/.local/lib/python3.12/site-packages/airflow/models/dagbag.py","lineno":382,"name":"parse"},{"filename":"<frozen importlib._bootstrap_external>","lineno":995,"name":"exec_module"},{"filename":"<frozen importlib._bootstrap_external>","lineno":1133,"name":"get_code"},{"filename":"<frozen importlib._bootstrap_external>","lineno":1063,"name":"source_to_code"},{"filename":"<frozen importlib._bootstrap>","lineno":488,"name":"_call_with_frames_removed"}]}]}
{"timestamp":"2025-06-26T07:00:31.515513","level":"info","event":"Filling up the DagBag from /opt/airflow/dags/weathers.py","logger":"airflow.models.dagbag.DagBag"}
{"timestamp":"2025-06-26T07:00:31.553440","level":"error","event":"Failed to import: /opt/airflow/dags/weathers.py","logger":"airflow.models.dagbag.DagBag","error_detail":[{"exc_type":"SyntaxError","exc_value":"invalid syntax (weathers.py, line 27)","exc_notes":[],"syntax_error":{"offset":23,"filename":"/opt/airflow/dags/weathers.py","line":"            lat= float{10+i*.1}\n","lineno":27,"msg":"invalid syntax"},"is_cause":false,"frames":[{"filename":"/home/airflow/.local/lib/python3.12/site-packages/airflow/models/dagbag.py","lineno":382,"name":"parse"},{"filename":"<frozen importlib._bootstrap_external>","lineno":995,"name":"exec_module"},{"filename":"<frozen importlib._bootstrap_external>","lineno":1133,"name":"get_code"},{"filename":"<frozen importlib._bootstrap_external>","lineno":1063,"name":"source_to_code"},{"filename":"<frozen importlib._bootstrap>","lineno":488,"name":"_call_with_frames_removed"}]}]}
{"timestamp":"2025-06-26T07:00:34.109427","level":"info","event":"Filling up the DagBag from /opt/airflow/dags/weathers.py","logger":"airflow.models.dagbag.DagBag"}
{"timestamp":"2025-06-26T07:00:34.151842","level":"error","event":"Failed to import: /opt/airflow/dags/weathers.py","logger":"airflow.models.dagbag.DagBag","error_detail":[{"exc_type":"SyntaxError","exc_value":"invalid syntax (weathers.py, line 29)","exc_notes":[],"syntax_error":{"offset":32,"filename":"/opt/airflow/dags/weathers.py","line":"            log= float(20+i*.5)_\n","lineno":29,"msg":"invalid syntax"},"is_cause":false,"frames":[{"filename":"/home/airflow/.local/lib/python3.12/site-packages/airflow/models/dagbag.py","lineno":382,"name":"parse"},{"filename":"<frozen importlib._bootstrap_external>","lineno":995,"name":"exec_module"},{"filename":"<frozen importlib._bootstrap_external>","lineno":1133,"name":"get_code"},{"filename":"<frozen importlib._bootstrap_external>","lineno":1063,"name":"source_to_code"},{"filename":"<frozen importlib._bootstrap>","lineno":488,"name":"_call_with_frames_removed"}]}]}
{"timestamp":"2025-06-26T07:00:34.812291","level":"info","event":"Filling up the DagBag from /opt/airflow/dags/weathers.py","logger":"airflow.models.dagbag.DagBag"}
{"timestamp":"2025-06-26T07:00:34.842038","level":"error","event":"Failed to import: /opt/airflow/dags/weathers.py","logger":"airflow.models.dagbag.DagBag","error_detail":[{"exc_type":"SyntaxError","exc_value":"invalid syntax (weathers.py, line 29)","exc_notes":[],"syntax_error":{"offset":32,"filename":"/opt/airflow/dags/weathers.py","line":"            log= float(20+i*.5)_\n","lineno":29,"msg":"invalid syntax"},"is_cause":false,"frames":[{"filename":"/home/airflow/.local/lib/python3.12/site-packages/airflow/models/dagbag.py","lineno":382,"name":"parse"},{"filename":"<frozen importlib._bootstrap_external>","lineno":995,"name":"exec_module"},{"filename":"<frozen importlib._bootstrap_external>","lineno":1133,"name":"get_code"},{"filename":"<frozen importlib._bootstrap_external>","lineno":1063,"name":"source_to_code"},{"filename":"<frozen importlib._bootstrap>","lineno":488,"name":"_call_with_frames_removed"}]}]}
{"timestamp":"2025-06-26T07:01:05.673316","level":"info","event":"Filling up the DagBag from /opt/airflow/dags/weathers.py","logger":"airflow.models.dagbag.DagBag"}
{"timestamp":"2025-06-26T07:01:05.707949","level":"error","event":"Failed to import: /opt/airflow/dags/weathers.py","logger":"airflow.models.dagbag.DagBag","error_detail":[{"exc_type":"SyntaxError","exc_value":"invalid syntax (weathers.py, line 29)","exc_notes":[],"syntax_error":{"offset":32,"filename":"/opt/airflow/dags/weathers.py","line":"            log= float(20+i*.5)_\n","lineno":29,"msg":"invalid syntax"},"is_cause":false,"frames":[{"filename":"/home/airflow/.local/lib/python3.12/site-packages/airflow/models/dagbag.py","lineno":382,"name":"parse"},{"filename":"<frozen importlib._bootstrap_external>","lineno":995,"name":"exec_module"},{"filename":"<frozen importlib._bootstrap_external>","lineno":1133,"name":"get_code"},{"filename":"<frozen importlib._bootstrap_external>","lineno":1063,"name":"source_to_code"},{"filename":"<frozen importlib._bootstrap>","lineno":488,"name":"_call_with_frames_removed"}]}]}
{"timestamp":"2025-06-26T07:01:20.448918","level":"info","event":"Filling up the DagBag from /opt/airflow/dags/weathers.py","logger":"airflow.models.dagbag.DagBag"}
{"timestamp":"2025-06-26T07:01:20.481543","level":"error","event":"Failed to import: /opt/airflow/dags/weathers.py","logger":"airflow.models.dagbag.DagBag","error_detail":[{"exc_type":"SyntaxError","exc_value":"invalid syntax (weathers.py, line 29)","exc_notes":[],"syntax_error":{"offset":32,"filename":"/opt/airflow/dags/weathers.py","line":"            log= float(20+i*.5)_\n","lineno":29,"msg":"invalid syntax"},"is_cause":false,"frames":[{"filename":"/home/airflow/.local/lib/python3.12/site-packages/airflow/models/dagbag.py","lineno":382,"name":"parse"},{"filename":"<frozen importlib._bootstrap_external>","lineno":995,"name":"exec_module"},{"filename":"<frozen importlib._bootstrap_external>","lineno":1133,"name":"get_code"},{"filename":"<frozen importlib._bootstrap_external>","lineno":1063,"name":"source_to_code"},{"filename":"<frozen importlib._bootstrap>","lineno":488,"name":"_call_with_frames_removed"}]}]}
{"timestamp":"2025-06-26T07:01:50.822538","level":"info","event":"Filling up the DagBag from /opt/airflow/dags/weathers.py","logger":"airflow.models.dagbag.DagBag"}
{"timestamp":"2025-06-26T07:01:50.854934","level":"error","event":"Failed to import: /opt/airflow/dags/weathers.py","logger":"airflow.models.dagbag.DagBag","error_detail":[{"exc_type":"SyntaxError","exc_value":"invalid syntax (weathers.py, line 29)","exc_notes":[],"syntax_error":{"offset":32,"filename":"/opt/airflow/dags/weathers.py","line":"            log= float(20+i*.5)_\n","lineno":29,"msg":"invalid syntax"},"is_cause":false,"frames":[{"filename":"/home/airflow/.local/lib/python3.12/site-packages/airflow/models/dagbag.py","lineno":382,"name":"parse"},{"filename":"<frozen importlib._bootstrap_external>","lineno":995,"name":"exec_module"},{"filename":"<frozen importlib._bootstrap_external>","lineno":1133,"name":"get_code"},{"filename":"<frozen importlib._bootstrap_external>","lineno":1063,"name":"source_to_code"},{"filename":"<frozen importlib._bootstrap>","lineno":488,"name":"_call_with_frames_removed"}]}]}
{"timestamp":"2025-06-26T07:02:15.887130","level":"info","event":"Filling up the DagBag from /opt/airflow/dags/weathers.py","logger":"airflow.models.dagbag.DagBag"}
{"timestamp":"2025-06-26T07:02:16.014899","level":"error","event":"Failed to import: /opt/airflow/dags/weathers.py","logger":"airflow.models.dagbag.DagBag","error_detail":[{"exc_type":"TypeError","exc_value":"_TaskDecorator.expand() takes 1 positional argument but 2 were given","exc_notes":[],"syntax_error":null,"is_cause":false,"frames":[{"filename":"/home/airflow/.local/lib/python3.12/site-packages/airflow/models/dagbag.py","lineno":382,"name":"parse"},{"filename":"<frozen importlib._bootstrap_external>","lineno":999,"name":"exec_module"},{"filename":"<frozen importlib._bootstrap>","lineno":488,"name":"_call_with_frames_removed"},{"filename":"/opt/airflow/dags/weathers.py","lineno":95,"name":"<module>"}]}]}
{"timestamp":"2025-06-26T07:02:46.353444","level":"info","event":"Filling up the DagBag from /opt/airflow/dags/weathers.py","logger":"airflow.models.dagbag.DagBag"}
{"timestamp":"2025-06-26T07:02:46.443685","level":"error","event":"Failed to import: /opt/airflow/dags/weathers.py","logger":"airflow.models.dagbag.DagBag","error_detail":[{"exc_type":"TypeError","exc_value":"expand() got an unexpected keyword argument 'transformed'","exc_notes":[],"syntax_error":null,"is_cause":false,"frames":[{"filename":"/home/airflow/.local/lib/python3.12/site-packages/airflow/models/dagbag.py","lineno":382,"name":"parse"},{"filename":"<frozen importlib._bootstrap_external>","lineno":999,"name":"exec_module"},{"filename":"<frozen importlib._bootstrap>","lineno":488,"name":"_call_with_frames_removed"},{"filename":"/opt/airflow/dags/weathers.py","lineno":97,"name":"<module>"},{"filename":"/home/airflow/.local/lib/python3.12/site-packages/airflow/sdk/bases/decorator.py","lineno":400,"name":"expand"},{"filename":"/home/airflow/.local/lib/python3.12/site-packages/airflow/sdk/bases/decorator.py","lineno":389,"name":"_validate_arg_names"},{"filename":"/home/airflow/.local/lib/python3.12/site-packages/airflow/sdk/bases/decorator.py","lineno":103,"name":"_validate_arg_names"}]}]}
{"timestamp":"2025-06-26T07:03:14.830828","level":"info","event":"Filling up the DagBag from /opt/airflow/dags/weathers.py","logger":"airflow.models.dagbag.DagBag"}
{"timestamp":"2025-06-26T07:03:46.014605","level":"info","event":"Filling up the DagBag from /opt/airflow/dags/weathers.py","logger":"airflow.models.dagbag.DagBag"}
{"timestamp":"2025-06-26T07:04:16.793015","level":"info","event":"Filling up the DagBag from /opt/airflow/dags/weathers.py","logger":"airflow.models.dagbag.DagBag"}
{"timestamp":"2025-06-26T07:04:29.327884","level":"info","event":"Filling up the DagBag from /opt/airflow/dags/weathers.py","logger":"airflow.models.dagbag.DagBag"}
{"timestamp":"2025-06-26T07:05:00.062166","level":"info","event":"Filling up the DagBag from /opt/airflow/dags/weathers.py","logger":"airflow.models.dagbag.DagBag"}
{"timestamp":"2025-06-26T07:05:02.642139","level":"info","event":"Filling up the DagBag from /opt/airflow/dags/weathers.py","logger":"airflow.models.dagbag.DagBag"}
{"timestamp":"2025-06-26T07:05:02.671200","level":"error","event":"Failed to import: /opt/airflow/dags/weathers.py","logger":"airflow.models.dagbag.DagBag","error_detail":[{"exc_type":"SyntaxError","exc_value":"closing parenthesis ']' does not match opening parenthesis '{' on line 50 (weathers.py, line 52)","exc_notes":[],"syntax_error":{"offset":49,"filename":"/opt/airflow/dags/weathers.py","line":"            'longitude': weather_data'longitude'] ,","lineno":52,"msg":"closing parenthesis ']' does not match opening parenthesis '{' on line 50"},"is_cause":false,"frames":[{"filename":"/home/airflow/.local/lib/python3.12/site-packages/airflow/models/dagbag.py","lineno":382,"name":"parse"},{"filename":"<frozen importlib._bootstrap_external>","lineno":995,"name":"exec_module"},{"filename":"<frozen importlib._bootstrap_external>","lineno":1133,"name":"get_code"},{"filename":"<frozen importlib._bootstrap_external>","lineno":1063,"name":"source_to_code"},{"filename":"<frozen importlib._bootstrap>","lineno":488,"name":"_call_with_frames_removed"}]}]}
{"timestamp":"2025-06-26T07:05:08.652372","level":"info","event":"Filling up the DagBag from /opt/airflow/dags/weathers.py","logger":"airflow.models.dagbag.DagBag"}
{"timestamp":"2025-06-26T07:05:39.777077","level":"info","event":"Filling up the DagBag from /opt/airflow/dags/weathers.py","logger":"airflow.models.dagbag.DagBag"}
{"timestamp":"2025-06-26T07:06:10.770027","level":"info","event":"Filling up the DagBag from /opt/airflow/dags/weathers.py","logger":"airflow.models.dagbag.DagBag"}
{"timestamp":"2025-06-26T07:06:41.582179","level":"info","event":"Filling up the DagBag from /opt/airflow/dags/weathers.py","logger":"airflow.models.dagbag.DagBag"}
{"timestamp":"2025-06-26T07:06:48.950484","level":"info","event":"Filling up the DagBag from /opt/airflow/dags/weathers.py","logger":"airflow.models.dagbag.DagBag"}
{"timestamp":"2025-06-26T07:07:19.759361","level":"info","event":"Filling up the DagBag from /opt/airflow/dags/weathers.py","logger":"airflow.models.dagbag.DagBag"}
{"timestamp":"2025-06-26T07:07:43.848424","level":"info","event":"Filling up the DagBag from /opt/airflow/dags/weathers.py","logger":"airflow.models.dagbag.DagBag"}
{"timestamp":"2025-06-26T07:07:48.300755","level":"info","event":"Filling up the DagBag from /opt/airflow/dags/weathers.py","logger":"airflow.models.dagbag.DagBag"}
{"timestamp":"2025-06-26T07:07:49.182920","level":"info","event":"Filling up the DagBag from /opt/airflow/dags/weathers.py","logger":"airflow.models.dagbag.DagBag"}
{"timestamp":"2025-06-26T07:08:20.423330","level":"info","event":"Filling up the DagBag from /opt/airflow/dags/weathers.py","logger":"airflow.models.dagbag.DagBag"}
{"timestamp":"2025-06-26T07:08:26.720311","level":"info","event":"Filling up the DagBag from /opt/airflow/dags/weathers.py","logger":"airflow.models.dagbag.DagBag"}
{"timestamp":"2025-06-26T07:08:57.353612","level":"info","event":"Filling up the DagBag from /opt/airflow/dags/weathers.py","logger":"airflow.models.dagbag.DagBag"}
{"timestamp":"2025-06-26T07:09:28.434963","level":"info","event":"Filling up the DagBag from /opt/airflow/dags/weathers.py","logger":"airflow.models.dagbag.DagBag"}
{"timestamp":"2025-06-26T07:09:58.561001","level":"info","event":"Filling up the DagBag from /opt/airflow/dags/weathers.py","logger":"airflow.models.dagbag.DagBag"}
{"timestamp":"2025-06-26T07:10:29.190958","level":"info","event":"Filling up the DagBag from /opt/airflow/dags/weathers.py","logger":"airflow.models.dagbag.DagBag"}
{"timestamp":"2025-06-26T07:10:59.693172","level":"info","event":"Filling up the DagBag from /opt/airflow/dags/weathers.py","logger":"airflow.models.dagbag.DagBag"}
{"timestamp":"2025-06-26T07:11:30.443709","level":"info","event":"Filling up the DagBag from /opt/airflow/dags/weathers.py","logger":"airflow.models.dagbag.DagBag"}
{"timestamp":"2025-06-26T07:12:01.513899","level":"info","event":"Filling up the DagBag from /opt/airflow/dags/weathers.py","logger":"airflow.models.dagbag.DagBag"}
{"timestamp":"2025-06-26T07:12:17.895700","level":"info","event":"Filling up the DagBag from /opt/airflow/dags/weathers.py","logger":"airflow.models.dagbag.DagBag"}
{"timestamp":"2025-06-26T07:12:19.450790","level":"info","event":"Filling up the DagBag from /opt/airflow/dags/weathers.py","logger":"airflow.models.dagbag.DagBag"}
{"timestamp":"2025-06-26T07:12:21.104496","level":"info","event":"Filling up the DagBag from /opt/airflow/dags/weathers.py","logger":"airflow.models.dagbag.DagBag"}
{"timestamp":"2025-06-26T07:12:51.625126","level":"info","event":"Filling up the DagBag from /opt/airflow/dags/weathers.py","logger":"airflow.models.dagbag.DagBag"}
{"timestamp":"2025-06-26T07:13:22.229987","level":"info","event":"Filling up the DagBag from /opt/airflow/dags/weathers.py","logger":"airflow.models.dagbag.DagBag"}
{"timestamp":"2025-06-26T07:13:23.755089","level":"info","event":"Filling up the DagBag from /opt/airflow/dags/weathers.py","logger":"airflow.models.dagbag.DagBag"}
{"timestamp":"2025-06-26T07:13:54.414518","level":"info","event":"Filling up the DagBag from /opt/airflow/dags/weathers.py","logger":"airflow.models.dagbag.DagBag"}
{"timestamp":"2025-06-26T07:14:17.908451","level":"info","event":"Filling up the DagBag from /opt/airflow/dags/weathers.py","logger":"airflow.models.dagbag.DagBag"}
{"timestamp":"2025-06-26T07:14:36.917506","level":"info","event":"Filling up the DagBag from /opt/airflow/dags/weathers.py","logger":"airflow.models.dagbag.DagBag"}
{"timestamp":"2025-06-26T07:14:56.435956","level":"info","event":"Filling up the DagBag from /opt/airflow/dags/weathers.py","logger":"airflow.models.dagbag.DagBag"}
{"timestamp":"2025-06-26T07:14:57.400579","level":"info","event":"Filling up the DagBag from /opt/airflow/dags/weathers.py","logger":"airflow.models.dagbag.DagBag"}
{"timestamp":"2025-06-26T07:15:27.996385","level":"info","event":"Filling up the DagBag from /opt/airflow/dags/weathers.py","logger":"airflow.models.dagbag.DagBag"}
{"timestamp":"2025-06-26T07:15:58.654465","level":"info","event":"Filling up the DagBag from /opt/airflow/dags/weathers.py","logger":"airflow.models.dagbag.DagBag"}
{"timestamp":"2025-06-26T07:16:00.172934","level":"info","event":"Filling up the DagBag from /opt/airflow/dags/weathers.py","logger":"airflow.models.dagbag.DagBag"}
{"timestamp":"2025-06-26T07:16:31.088224","level":"info","event":"Filling up the DagBag from /opt/airflow/dags/weathers.py","logger":"airflow.models.dagbag.DagBag"}
{"timestamp":"2025-06-26T07:17:01.684069","level":"info","event":"Filling up the DagBag from /opt/airflow/dags/weathers.py","logger":"airflow.models.dagbag.DagBag"}
{"timestamp":"2025-06-26T07:17:32.399687","level":"info","event":"Filling up the DagBag from /opt/airflow/dags/weathers.py","logger":"airflow.models.dagbag.DagBag"}
{"timestamp":"2025-06-26T07:18:03.051637","level":"info","event":"Filling up the DagBag from /opt/airflow/dags/weathers.py","logger":"airflow.models.dagbag.DagBag"}
{"timestamp":"2025-06-26T07:18:35.438406","level":"info","event":"Filling up the DagBag from /opt/airflow/dags/weathers.py","logger":"airflow.models.dagbag.DagBag"}
{"timestamp":"2025-06-26T07:19:06.128587","level":"info","event":"Filling up the DagBag from /opt/airflow/dags/weathers.py","logger":"airflow.models.dagbag.DagBag"}
{"timestamp":"2025-06-26T07:19:38.400019","level":"info","event":"Filling up the DagBag from /opt/airflow/dags/weathers.py","logger":"airflow.models.dagbag.DagBag"}
{"timestamp":"2025-06-26T12:05:03.632207","level":"info","event":"Filling up the DagBag from /opt/airflow/dags/weathers.py","logger":"airflow.models.dagbag.DagBag"}
{"timestamp":"2025-06-26T16:55:08.764295","level":"info","event":"Filling up the DagBag from /opt/airflow/dags/weathers.py","logger":"airflow.models.dagbag.DagBag"}
{"timestamp":"2025-06-26T16:55:42.223052","level":"info","event":"Filling up the DagBag from /opt/airflow/dags/weathers.py","logger":"airflow.models.dagbag.DagBag"}
{"timestamp":"2025-06-26T16:56:12.920724","level":"info","event":"Filling up the DagBag from /opt/airflow/dags/weathers.py","logger":"airflow.models.dagbag.DagBag"}
{"timestamp":"2025-06-26T16:56:44.980070","level":"info","event":"Filling up the DagBag from /opt/airflow/dags/weathers.py","logger":"airflow.models.dagbag.DagBag"}
{"timestamp":"2025-06-26T16:57:14.787908","level":"info","event":"Filling up the DagBag from /opt/airflow/dags/weathers.py","logger":"airflow.models.dagbag.DagBag"}
{"timestamp":"2025-06-26T16:57:46.077404","level":"info","event":"Filling up the DagBag from /opt/airflow/dags/weathers.py","logger":"airflow.models.dagbag.DagBag"}
{"timestamp":"2025-06-26T16:58:17.269451","level":"info","event":"Filling up the DagBag from /opt/airflow/dags/weathers.py","logger":"airflow.models.dagbag.DagBag"}
{"timestamp":"2025-06-26T16:58:48.388027","level":"info","event":"Filling up the DagBag from /opt/airflow/dags/weathers.py","logger":"airflow.models.dagbag.DagBag"}
{"timestamp":"2025-06-26T16:59:19.210687","level":"info","event":"Filling up the DagBag from /opt/airflow/dags/weathers.py","logger":"airflow.models.dagbag.DagBag"}
{"timestamp":"2025-06-26T16:59:51.353834","level":"info","event":"Filling up the DagBag from /opt/airflow/dags/weathers.py","logger":"airflow.models.dagbag.DagBag"}
{"timestamp":"2025-06-26T17:00:23.024090","level":"info","event":"Filling up the DagBag from /opt/airflow/dags/weathers.py","logger":"airflow.models.dagbag.DagBag"}
{"timestamp":"2025-06-26T17:00:53.673707","level":"info","event":"Filling up the DagBag from /opt/airflow/dags/weathers.py","logger":"airflow.models.dagbag.DagBag"}
{"timestamp":"2025-06-26T17:01:24.866209","level":"info","event":"Filling up the DagBag from /opt/airflow/dags/weathers.py","logger":"airflow.models.dagbag.DagBag"}
{"timestamp":"2025-06-26T17:01:56.061993","level":"info","event":"Filling up the DagBag from /opt/airflow/dags/weathers.py","logger":"airflow.models.dagbag.DagBag"}
{"timestamp":"2025-06-26T17:02:27.376735","level":"info","event":"Filling up the DagBag from /opt/airflow/dags/weathers.py","logger":"airflow.models.dagbag.DagBag"}
{"timestamp":"2025-06-26T17:02:58.791618","level":"info","event":"Filling up the DagBag from /opt/airflow/dags/weathers.py","logger":"airflow.models.dagbag.DagBag"}
{"timestamp":"2025-06-26T17:03:30.048909","level":"info","event":"Filling up the DagBag from /opt/airflow/dags/weathers.py","logger":"airflow.models.dagbag.DagBag"}
{"timestamp":"2025-06-26T17:04:00.907514","level":"info","event":"Filling up the DagBag from /opt/airflow/dags/weathers.py","logger":"airflow.models.dagbag.DagBag"}
{"timestamp":"2025-06-26T17:04:32.334699","level":"info","event":"Filling up the DagBag from /opt/airflow/dags/weathers.py","logger":"airflow.models.dagbag.DagBag"}
{"timestamp":"2025-06-26T17:05:04.710725","level":"info","event":"Filling up the DagBag from /opt/airflow/dags/weathers.py","logger":"airflow.models.dagbag.DagBag"}
{"timestamp":"2025-06-26T17:05:36.113307","level":"info","event":"Filling up the DagBag from /opt/airflow/dags/weathers.py","logger":"airflow.models.dagbag.DagBag"}
{"timestamp":"2025-06-26T17:06:07.569230","level":"info","event":"Filling up the DagBag from /opt/airflow/dags/weathers.py","logger":"airflow.models.dagbag.DagBag"}
{"timestamp":"2025-06-26T17:06:39.309837","level":"info","event":"Filling up the DagBag from /opt/airflow/dags/weathers.py","logger":"airflow.models.dagbag.DagBag"}
{"timestamp":"2025-06-26T17:07:10.210682","level":"info","event":"Filling up the DagBag from /opt/airflow/dags/weathers.py","logger":"airflow.models.dagbag.DagBag"}
{"timestamp":"2025-06-26T17:07:33.896758","level":"info","event":"Filling up the DagBag from /opt/airflow/dags/weathers.py","logger":"airflow.models.dagbag.DagBag"}
{"timestamp":"2025-06-26T17:08:04.903536","level":"info","event":"Filling up the DagBag from /opt/airflow/dags/weathers.py","logger":"airflow.models.dagbag.DagBag"}
{"timestamp":"2025-06-26T17:08:35.822159","level":"info","event":"Filling up the DagBag from /opt/airflow/dags/weathers.py","logger":"airflow.models.dagbag.DagBag"}
{"timestamp":"2025-06-26T17:09:06.632424","level":"info","event":"Filling up the DagBag from /opt/airflow/dags/weathers.py","logger":"airflow.models.dagbag.DagBag"}
{"timestamp":"2025-06-26T17:09:37.435455","level":"info","event":"Filling up the DagBag from /opt/airflow/dags/weathers.py","logger":"airflow.models.dagbag.DagBag"}
{"timestamp":"2025-06-26T17:10:09.272483","level":"info","event":"Filling up the DagBag from /opt/airflow/dags/weathers.py","logger":"airflow.models.dagbag.DagBag"}
{"timestamp":"2025-06-26T17:10:40.096758","level":"info","event":"Filling up the DagBag from /opt/airflow/dags/weathers.py","logger":"airflow.models.dagbag.DagBag"}
{"timestamp":"2025-06-26T17:11:10.651249","level":"info","event":"Filling up the DagBag from /opt/airflow/dags/weathers.py","logger":"airflow.models.dagbag.DagBag"}
{"timestamp":"2025-06-26T17:11:41.858455","level":"info","event":"Filling up the DagBag from /opt/airflow/dags/weathers.py","logger":"airflow.models.dagbag.DagBag"}
{"timestamp":"2025-06-26T17:12:13.091288","level":"info","event":"Filling up the DagBag from /opt/airflow/dags/weathers.py","logger":"airflow.models.dagbag.DagBag"}
{"timestamp":"2025-06-26T17:12:43.813876","level":"info","event":"Filling up the DagBag from /opt/airflow/dags/weathers.py","logger":"airflow.models.dagbag.DagBag"}
{"timestamp":"2025-06-26T17:13:14.784601","level":"info","event":"Filling up the DagBag from /opt/airflow/dags/weathers.py","logger":"airflow.models.dagbag.DagBag"}
{"timestamp":"2025-06-26T17:13:45.786508","level":"info","event":"Filling up the DagBag from /opt/airflow/dags/weathers.py","logger":"airflow.models.dagbag.DagBag"}
{"timestamp":"2025-06-26T17:14:16.771510","level":"info","event":"Filling up the DagBag from /opt/airflow/dags/weathers.py","logger":"airflow.models.dagbag.DagBag"}
{"timestamp":"2025-06-26T17:14:47.755217","level":"info","event":"Filling up the DagBag from /opt/airflow/dags/weathers.py","logger":"airflow.models.dagbag.DagBag"}
{"timestamp":"2025-06-26T17:15:18.732270","level":"info","event":"Filling up the DagBag from /opt/airflow/dags/weathers.py","logger":"airflow.models.dagbag.DagBag"}
{"timestamp":"2025-06-26T17:15:49.420772","level":"info","event":"Filling up the DagBag from /opt/airflow/dags/weathers.py","logger":"airflow.models.dagbag.DagBag"}
{"timestamp":"2025-06-26T17:16:25.663008","level":"info","event":"Filling up the DagBag from /opt/airflow/dags/weathers.py","logger":"airflow.models.dagbag.DagBag"}
{"timestamp":"2025-06-26T17:16:57.396080","level":"info","event":"Filling up the DagBag from /opt/airflow/dags/weathers.py","logger":"airflow.models.dagbag.DagBag"}
{"timestamp":"2025-06-26T17:17:28.887599","level":"info","event":"Filling up the DagBag from /opt/airflow/dags/weathers.py","logger":"airflow.models.dagbag.DagBag"}
{"timestamp":"2025-06-26T17:17:59.962563","level":"info","event":"Filling up the DagBag from /opt/airflow/dags/weathers.py","logger":"airflow.models.dagbag.DagBag"}
{"timestamp":"2025-06-26T17:18:30.926179","level":"info","event":"Filling up the DagBag from /opt/airflow/dags/weathers.py","logger":"airflow.models.dagbag.DagBag"}
{"timestamp":"2025-06-26T17:19:02.338882","level":"info","event":"Filling up the DagBag from /opt/airflow/dags/weathers.py","logger":"airflow.models.dagbag.DagBag"}
{"timestamp":"2025-06-26T17:19:33.595535","level":"info","event":"Filling up the DagBag from /opt/airflow/dags/weathers.py","logger":"airflow.models.dagbag.DagBag"}
{"timestamp":"2025-06-26T17:20:04.508979","level":"info","event":"Filling up the DagBag from /opt/airflow/dags/weathers.py","logger":"airflow.models.dagbag.DagBag"}
{"timestamp":"2025-06-26T17:20:36.180071","level":"info","event":"Filling up the DagBag from /opt/airflow/dags/weathers.py","logger":"airflow.models.dagbag.DagBag"}
{"timestamp":"2025-06-26T17:21:07.194193","level":"info","event":"Filling up the DagBag from /opt/airflow/dags/weathers.py","logger":"airflow.models.dagbag.DagBag"}
{"timestamp":"2025-06-26T17:21:38.392786","level":"info","event":"Filling up the DagBag from /opt/airflow/dags/weathers.py","logger":"airflow.models.dagbag.DagBag"}
{"timestamp":"2025-06-26T17:22:09.526364","level":"info","event":"Filling up the DagBag from /opt/airflow/dags/weathers.py","logger":"airflow.models.dagbag.DagBag"}
{"timestamp":"2025-06-26T17:22:40.679364","level":"info","event":"Filling up the DagBag from /opt/airflow/dags/weathers.py","logger":"airflow.models.dagbag.DagBag"}
{"timestamp":"2025-06-26T17:23:11.597603","level":"info","event":"Filling up the DagBag from /opt/airflow/dags/weathers.py","logger":"airflow.models.dagbag.DagBag"}
{"timestamp":"2025-06-26T17:23:43.108410","level":"info","event":"Filling up the DagBag from /opt/airflow/dags/weathers.py","logger":"airflow.models.dagbag.DagBag"}
{"timestamp":"2025-06-26T17:24:13.972422","level":"info","event":"Filling up the DagBag from /opt/airflow/dags/weathers.py","logger":"airflow.models.dagbag.DagBag"}
{"timestamp":"2025-06-26T17:24:45.289121","level":"info","event":"Filling up the DagBag from /opt/airflow/dags/weathers.py","logger":"airflow.models.dagbag.DagBag"}
{"timestamp":"2025-06-26T17:25:16.179070","level":"info","event":"Filling up the DagBag from /opt/airflow/dags/weathers.py","logger":"airflow.models.dagbag.DagBag"}
{"timestamp":"2025-06-26T17:25:46.973825","level":"info","event":"Filling up the DagBag from /opt/airflow/dags/weathers.py","logger":"airflow.models.dagbag.DagBag"}
{"timestamp":"2025-06-26T17:26:17.849137","level":"info","event":"Filling up the DagBag from /opt/airflow/dags/weathers.py","logger":"airflow.models.dagbag.DagBag"}
{"timestamp":"2025-06-26T17:26:48.579706","level":"info","event":"Filling up the DagBag from /opt/airflow/dags/weathers.py","logger":"airflow.models.dagbag.DagBag"}
{"timestamp":"2025-06-26T17:27:19.795106","level":"info","event":"Filling up the DagBag from /opt/airflow/dags/weathers.py","logger":"airflow.models.dagbag.DagBag"}
{"timestamp":"2025-06-26T17:27:50.556635","level":"info","event":"Filling up the DagBag from /opt/airflow/dags/weathers.py","logger":"airflow.models.dagbag.DagBag"}
{"timestamp":"2025-06-26T17:28:21.532735","level":"info","event":"Filling up the DagBag from /opt/airflow/dags/weathers.py","logger":"airflow.models.dagbag.DagBag"}
{"timestamp":"2025-06-26T17:28:53.032661","level":"info","event":"Filling up the DagBag from /opt/airflow/dags/weathers.py","logger":"airflow.models.dagbag.DagBag"}
{"timestamp":"2025-06-26T17:29:24.168315","level":"info","event":"Filling up the DagBag from /opt/airflow/dags/weathers.py","logger":"airflow.models.dagbag.DagBag"}
{"timestamp":"2025-06-26T17:29:55.280605","level":"info","event":"Filling up the DagBag from /opt/airflow/dags/weathers.py","logger":"airflow.models.dagbag.DagBag"}
{"timestamp":"2025-06-26T17:30:26.910361","level":"info","event":"Filling up the DagBag from /opt/airflow/dags/weathers.py","logger":"airflow.models.dagbag.DagBag"}
{"timestamp":"2025-06-26T17:30:57.982986","level":"info","event":"Filling up the DagBag from /opt/airflow/dags/weathers.py","logger":"airflow.models.dagbag.DagBag"}
{"timestamp":"2025-06-26T17:31:28.947100","level":"info","event":"Filling up the DagBag from /opt/airflow/dags/weathers.py","logger":"airflow.models.dagbag.DagBag"}
{"timestamp":"2025-06-26T17:32:00.139159","level":"info","event":"Filling up the DagBag from /opt/airflow/dags/weathers.py","logger":"airflow.models.dagbag.DagBag"}
{"timestamp":"2025-06-26T17:32:30.905489","level":"info","event":"Filling up the DagBag from /opt/airflow/dags/weathers.py","logger":"airflow.models.dagbag.DagBag"}
{"timestamp":"2025-06-26T17:33:01.967300","level":"info","event":"Filling up the DagBag from /opt/airflow/dags/weathers.py","logger":"airflow.models.dagbag.DagBag"}
{"timestamp":"2025-06-26T17:33:32.676703","level":"info","event":"Filling up the DagBag from /opt/airflow/dags/weathers.py","logger":"airflow.models.dagbag.DagBag"}
{"timestamp":"2025-06-26T17:34:03.720768","level":"info","event":"Filling up the DagBag from /opt/airflow/dags/weathers.py","logger":"airflow.models.dagbag.DagBag"}
{"timestamp":"2025-06-26T17:34:34.669884","level":"info","event":"Filling up the DagBag from /opt/airflow/dags/weathers.py","logger":"airflow.models.dagbag.DagBag"}
{"timestamp":"2025-06-26T17:35:05.557697","level":"info","event":"Filling up the DagBag from /opt/airflow/dags/weathers.py","logger":"airflow.models.dagbag.DagBag"}
{"timestamp":"2025-06-26T17:35:36.218112","level":"info","event":"Filling up the DagBag from /opt/airflow/dags/weathers.py","logger":"airflow.models.dagbag.DagBag"}
{"timestamp":"2025-06-26T17:36:07.570071","level":"info","event":"Filling up the DagBag from /opt/airflow/dags/weathers.py","logger":"airflow.models.dagbag.DagBag"}
{"timestamp":"2025-06-26T17:36:39.347985","level":"info","event":"Filling up the DagBag from /opt/airflow/dags/weathers.py","logger":"airflow.models.dagbag.DagBag"}
{"timestamp":"2025-06-26T17:37:10.809768","level":"info","event":"Filling up the DagBag from /opt/airflow/dags/weathers.py","logger":"airflow.models.dagbag.DagBag"}
{"timestamp":"2025-06-26T17:37:42.181772","level":"info","event":"Filling up the DagBag from /opt/airflow/dags/weathers.py","logger":"airflow.models.dagbag.DagBag"}
{"timestamp":"2025-06-26T17:38:12.948188","level":"info","event":"Filling up the DagBag from /opt/airflow/dags/weathers.py","logger":"airflow.models.dagbag.DagBag"}
{"timestamp":"2025-06-26T17:38:43.653823","level":"info","event":"Filling up the DagBag from /opt/airflow/dags/weathers.py","logger":"airflow.models.dagbag.DagBag"}
{"timestamp":"2025-06-26T17:39:14.521421","level":"info","event":"Filling up the DagBag from /opt/airflow/dags/weathers.py","logger":"airflow.models.dagbag.DagBag"}
{"timestamp":"2025-06-26T17:39:46.187987","level":"info","event":"Filling up the DagBag from /opt/airflow/dags/weathers.py","logger":"airflow.models.dagbag.DagBag"}
{"timestamp":"2025-06-26T17:40:17.449039","level":"info","event":"Filling up the DagBag from /opt/airflow/dags/weathers.py","logger":"airflow.models.dagbag.DagBag"}
{"timestamp":"2025-06-26T17:40:48.446515","level":"info","event":"Filling up the DagBag from /opt/airflow/dags/weathers.py","logger":"airflow.models.dagbag.DagBag"}
{"timestamp":"2025-06-26T17:41:19.515772","level":"info","event":"Filling up the DagBag from /opt/airflow/dags/weathers.py","logger":"airflow.models.dagbag.DagBag"}
{"timestamp":"2025-06-26T17:41:50.245472","level":"info","event":"Filling up the DagBag from /opt/airflow/dags/weathers.py","logger":"airflow.models.dagbag.DagBag"}
{"timestamp":"2025-06-26T17:42:21.283931","level":"info","event":"Filling up the DagBag from /opt/airflow/dags/weathers.py","logger":"airflow.models.dagbag.DagBag"}
{"timestamp":"2025-06-26T17:42:52.381156","level":"info","event":"Filling up the DagBag from /opt/airflow/dags/weathers.py","logger":"airflow.models.dagbag.DagBag"}
{"timestamp":"2025-06-26T17:43:24.113503","level":"info","event":"Filling up the DagBag from /opt/airflow/dags/weathers.py","logger":"airflow.models.dagbag.DagBag"}
{"timestamp":"2025-06-26T17:43:55.123695","level":"info","event":"Filling up the DagBag from /opt/airflow/dags/weathers.py","logger":"airflow.models.dagbag.DagBag"}
{"timestamp":"2025-06-26T17:44:25.818689","level":"info","event":"Filling up the DagBag from /opt/airflow/dags/weathers.py","logger":"airflow.models.dagbag.DagBag"}
{"timestamp":"2025-06-26T17:44:56.811470","level":"info","event":"Filling up the DagBag from /opt/airflow/dags/weathers.py","logger":"airflow.models.dagbag.DagBag"}
{"timestamp":"2025-06-26T17:45:27.893215","level":"info","event":"Filling up the DagBag from /opt/airflow/dags/weathers.py","logger":"airflow.models.dagbag.DagBag"}
{"timestamp":"2025-06-26T17:45:58.750869","level":"info","event":"Filling up the DagBag from /opt/airflow/dags/weathers.py","logger":"airflow.models.dagbag.DagBag"}
{"timestamp":"2025-06-26T17:46:29.444588","level":"info","event":"Filling up the DagBag from /opt/airflow/dags/weathers.py","logger":"airflow.models.dagbag.DagBag"}
{"timestamp":"2025-06-26T17:47:00.511289","level":"info","event":"Filling up the DagBag from /opt/airflow/dags/weathers.py","logger":"airflow.models.dagbag.DagBag"}
{"timestamp":"2025-06-26T17:47:31.250158","level":"info","event":"Filling up the DagBag from /opt/airflow/dags/weathers.py","logger":"airflow.models.dagbag.DagBag"}
{"timestamp":"2025-06-26T17:48:01.896018","level":"info","event":"Filling up the DagBag from /opt/airflow/dags/weathers.py","logger":"airflow.models.dagbag.DagBag"}
{"timestamp":"2025-06-26T17:48:32.535176","level":"info","event":"Filling up the DagBag from /opt/airflow/dags/weathers.py","logger":"airflow.models.dagbag.DagBag"}
{"timestamp":"2025-06-26T17:49:03.544324","level":"info","event":"Filling up the DagBag from /opt/airflow/dags/weathers.py","logger":"airflow.models.dagbag.DagBag"}
{"timestamp":"2025-06-26T17:49:34.929029","level":"info","event":"Filling up the DagBag from /opt/airflow/dags/weathers.py","logger":"airflow.models.dagbag.DagBag"}
{"timestamp":"2025-06-26T17:50:07.235424","level":"info","event":"Filling up the DagBag from /opt/airflow/dags/weathers.py","logger":"airflow.models.dagbag.DagBag"}
{"timestamp":"2025-06-26T17:50:38.138151","level":"info","event":"Filling up the DagBag from /opt/airflow/dags/weathers.py","logger":"airflow.models.dagbag.DagBag"}
{"timestamp":"2025-06-26T17:51:09.399194","level":"info","event":"Filling up the DagBag from /opt/airflow/dags/weathers.py","logger":"airflow.models.dagbag.DagBag"}
{"timestamp":"2025-06-26T17:51:40.396533","level":"info","event":"Filling up the DagBag from /opt/airflow/dags/weathers.py","logger":"airflow.models.dagbag.DagBag"}
{"timestamp":"2025-06-26T17:52:11.281731","level":"info","event":"Filling up the DagBag from /opt/airflow/dags/weathers.py","logger":"airflow.models.dagbag.DagBag"}
{"timestamp":"2025-06-26T17:52:43.035282","level":"info","event":"Filling up the DagBag from /opt/airflow/dags/weathers.py","logger":"airflow.models.dagbag.DagBag"}
{"timestamp":"2025-06-26T17:53:14.294965","level":"info","event":"Filling up the DagBag from /opt/airflow/dags/weathers.py","logger":"airflow.models.dagbag.DagBag"}
{"timestamp":"2025-06-26T17:53:46.081164","level":"info","event":"Filling up the DagBag from /opt/airflow/dags/weathers.py","logger":"airflow.models.dagbag.DagBag"}
{"timestamp":"2025-06-26T17:54:16.960409","level":"info","event":"Filling up the DagBag from /opt/airflow/dags/weathers.py","logger":"airflow.models.dagbag.DagBag"}
{"timestamp":"2025-06-26T17:54:47.937068","level":"info","event":"Filling up the DagBag from /opt/airflow/dags/weathers.py","logger":"airflow.models.dagbag.DagBag"}
{"timestamp":"2025-06-26T17:55:19.156773","level":"info","event":"Filling up the DagBag from /opt/airflow/dags/weathers.py","logger":"airflow.models.dagbag.DagBag"}
{"timestamp":"2025-06-26T17:55:50.106408","level":"info","event":"Filling up the DagBag from /opt/airflow/dags/weathers.py","logger":"airflow.models.dagbag.DagBag"}
{"timestamp":"2025-06-26T17:56:21.371121","level":"info","event":"Filling up the DagBag from /opt/airflow/dags/weathers.py","logger":"airflow.models.dagbag.DagBag"}
{"timestamp":"2025-06-26T17:56:52.477808","level":"info","event":"Filling up the DagBag from /opt/airflow/dags/weathers.py","logger":"airflow.models.dagbag.DagBag"}
{"timestamp":"2025-06-26T17:57:23.981634","level":"info","event":"Filling up the DagBag from /opt/airflow/dags/weathers.py","logger":"airflow.models.dagbag.DagBag"}
{"timestamp":"2025-06-26T17:57:57.203436","level":"info","event":"Filling up the DagBag from /opt/airflow/dags/weathers.py","logger":"airflow.models.dagbag.DagBag"}
{"timestamp":"2025-06-26T17:58:29.762184","level":"info","event":"Filling up the DagBag from /opt/airflow/dags/weathers.py","logger":"airflow.models.dagbag.DagBag"}
{"timestamp":"2025-06-26T17:59:03.998260","level":"info","event":"Filling up the DagBag from /opt/airflow/dags/weathers.py","logger":"airflow.models.dagbag.DagBag"}
{"timestamp":"2025-06-26T17:59:34.820210","level":"info","event":"Filling up the DagBag from /opt/airflow/dags/weathers.py","logger":"airflow.models.dagbag.DagBag"}
{"timestamp":"2025-06-26T18:00:07.987048","level":"info","event":"Filling up the DagBag from /opt/airflow/dags/weathers.py","logger":"airflow.models.dagbag.DagBag"}
{"timestamp":"2025-06-26T18:00:40.737770","level":"info","event":"Filling up the DagBag from /opt/airflow/dags/weathers.py","logger":"airflow.models.dagbag.DagBag"}
{"timestamp":"2025-06-26T18:01:11.822608","level":"info","event":"Filling up the DagBag from /opt/airflow/dags/weathers.py","logger":"airflow.models.dagbag.DagBag"}
{"timestamp":"2025-06-26T18:01:44.137091","level":"info","event":"Filling up the DagBag from /opt/airflow/dags/weathers.py","logger":"airflow.models.dagbag.DagBag"}
{"timestamp":"2025-06-26T18:02:15.291069","level":"info","event":"Filling up the DagBag from /opt/airflow/dags/weathers.py","logger":"airflow.models.dagbag.DagBag"}
{"timestamp":"2025-06-26T18:02:47.229325","level":"info","event":"Filling up the DagBag from /opt/airflow/dags/weathers.py","logger":"airflow.models.dagbag.DagBag"}
{"timestamp":"2025-06-26T18:03:17.696641","level":"info","event":"Filling up the DagBag from /opt/airflow/dags/weathers.py","logger":"airflow.models.dagbag.DagBag"}
{"timestamp":"2025-06-26T18:03:48.229207","level":"info","event":"Filling up the DagBag from /opt/airflow/dags/weathers.py","logger":"airflow.models.dagbag.DagBag"}
{"timestamp":"2025-06-26T18:04:18.752711","level":"info","event":"Filling up the DagBag from /opt/airflow/dags/weathers.py","logger":"airflow.models.dagbag.DagBag"}
{"timestamp":"2025-06-26T18:04:50.146767","level":"info","event":"Filling up the DagBag from /opt/airflow/dags/weathers.py","logger":"airflow.models.dagbag.DagBag"}
{"timestamp":"2025-06-26T18:05:20.669176","level":"info","event":"Filling up the DagBag from /opt/airflow/dags/weathers.py","logger":"airflow.models.dagbag.DagBag"}
{"timestamp":"2025-06-26T18:05:51.163721","level":"info","event":"Filling up the DagBag from /opt/airflow/dags/weathers.py","logger":"airflow.models.dagbag.DagBag"}
{"timestamp":"2025-06-26T18:06:22.032340","level":"info","event":"Filling up the DagBag from /opt/airflow/dags/weathers.py","logger":"airflow.models.dagbag.DagBag"}
{"timestamp":"2025-06-26T18:06:53.169709","level":"info","event":"Filling up the DagBag from /opt/airflow/dags/weathers.py","logger":"airflow.models.dagbag.DagBag"}
{"timestamp":"2025-06-26T18:07:23.719883","level":"info","event":"Filling up the DagBag from /opt/airflow/dags/weathers.py","logger":"airflow.models.dagbag.DagBag"}
{"timestamp":"2025-06-26T18:07:54.750847","level":"info","event":"Filling up the DagBag from /opt/airflow/dags/weathers.py","logger":"airflow.models.dagbag.DagBag"}
{"timestamp":"2025-06-26T18:08:25.633298","level":"info","event":"Filling up the DagBag from /opt/airflow/dags/weathers.py","logger":"airflow.models.dagbag.DagBag"}
{"timestamp":"2025-06-26T18:08:56.070361","level":"info","event":"Filling up the DagBag from /opt/airflow/dags/weathers.py","logger":"airflow.models.dagbag.DagBag"}
{"timestamp":"2025-06-26T18:09:26.705873","level":"info","event":"Filling up the DagBag from /opt/airflow/dags/weathers.py","logger":"airflow.models.dagbag.DagBag"}
{"timestamp":"2025-06-26T18:09:59.624549","level":"info","event":"Filling up the DagBag from /opt/airflow/dags/weathers.py","logger":"airflow.models.dagbag.DagBag"}
{"timestamp":"2025-06-26T23:10:31.750641","level":"info","event":"Filling up the DagBag from /opt/airflow/dags/weathers.py","logger":"airflow.models.dagbag.DagBag"}
